<?xml version="1.0" encoding="UTF-8"?>
<!-- Generated by org.testng.reporters.JUnitReportReporter -->
<testsuite skipped="0" hostname="LAPTOP-SRQ5TGMV" name="org.maven.sample.project.test.SampleTest" tests="1" failures="0" timestamp="2020-08-25T20:51:51 PDT" time="10.128" errors="0">
  <testcase name="test" time="10.128" classname="org.maven.sample.project.test.SampleTest"/>
  <system-out/>
</testsuite> <!-- org.maven.sample.project.test.SampleTest -->
